<?xml version="1.0" encoding="UTF-8"?>
<!-- Generated by org.testng.reporters.JUnitReportReporter -->
<testsuite skipped="0" hostname="LAPTOP-67QB8L5C" name="com.imdb.qa.testcases.MenuPageTest" tests="2" failures="0" timestamp="01 Mar 2021 09:59:12 GMT" time="41.265" errors="0">
  <testcase name="countElementTest" time="19.297" classname="com.imdb.qa.testcases.MenuPageTest"/>
  <testcase name="selectElementFromListTest" time="21.968" classname="com.imdb.qa.testcases.MenuPageTest"/>
</testsuite> <!-- com.imdb.qa.testcases.MenuPageTest -->
