<?xml version="1.0" encoding="UTF-8"?>
<!-- Generated by org.testng.reporters.JUnitReportReporter -->
<testsuite skipped="0" hostname="LAPTOP-67QB8L5C" name="com.imdb.qa.testcases.searchPageTest" tests="4" failures="0" timestamp="01 Mar 2021 09:56:06 GMT" time="35.127" errors="0">
  <testcase name="clickingSearchTest" time="6.858" classname="com.imdb.qa.testcases.searchPageTest"/>
  <testcase name="textSearchingTest" time="9.207" classname="com.imdb.qa.testcases.searchPageTest"/>
  <testcase name="comparingTitleDataTest" time="9.583" classname="com.imdb.qa.testcases.searchPageTest"/>
  <testcase name="comparingKeywordsDataTest" time="9.479" classname="com.imdb.qa.testcases.searchPageTest"/>
</testsuite> <!-- com.imdb.qa.testcases.searchPageTest -->
