<?xml version="1.0" encoding="UTF-8"?>
<!-- Generated by org.testng.reporters.JUnitReportReporter -->
<testsuite skipped="0" hostname="LAPTOP-67QB8L5C" name="com.imdb.qa.testcases.HomePageTest" tests="6" failures="0" timestamp="01 Mar 2021 09:58:12 GMT" time="113.079" errors="0">
  <testcase name="searchBarTest" time="18.538" classname="com.imdb.qa.testcases.HomePageTest"/>
  <testcase name="WatchlistIconTest" time="19.583" classname="com.imdb.qa.testcases.HomePageTest"/>
  <testcase name="logoImageTest" time="18.284" classname="com.imdb.qa.testcases.HomePageTest"/>
  <testcase name="menuClick" time="17.713" classname="com.imdb.qa.testcases.HomePageTest"/>
  <testcase name="menubuttonTest" time="19.494" classname="com.imdb.qa.testcases.HomePageTest"/>
  <testcase name="userNameTest" time="19.467" classname="com.imdb.qa.testcases.HomePageTest"/>
</testsuite> <!-- com.imdb.qa.testcases.HomePageTest -->
