<?xml version="1.0" encoding="UTF-8"?>
<!-- Generated by org.testng.reporters.JUnitReportReporter -->
<testsuite skipped="0" hostname="LAPTOP-67QB8L5C" name="com.imdb.qa.testcases.LoginPageTest" tests="5" failures="0" timestamp="16 Feb 2021 08:53:02 GMT" time="57.195" errors="0">
  <testcase name="loginpageTitleTest" time="6.946" classname="com.imdb.qa.testcases.LoginPageTest"/>
  <testcase name="SignInTest" time="11.503" classname="com.imdb.qa.testcases.LoginPageTest"/>
  <testcase name="CreateANewAccountTest" time="12.830" classname="com.imdb.qa.testcases.LoginPageTest"/>
  <testcase name="SignInButtonTest" time="12.763" classname="com.imdb.qa.testcases.LoginPageTest"/>
  <testcase name="loginTest" time="13.153" classname="com.imdb.qa.testcases.LoginPageTest"/>
</testsuite> <!-- com.imdb.qa.testcases.LoginPageTest -->
